<?xml version="1.0" encoding="UTF-8"?>
<!-- Generated by org.testng.reporters.JUnitReportReporter -->
<testsuite skipped="0" hostname="DESKTOP-4Q6K2RT" name="Test1" tests="1" failures="0" timestamp="11 Feb 2019 16:56:00 GMT" time="35.231" errors="0">
  <testcase name="verfy" time="35.231" classname="Test1"/>
</testsuite> <!-- Test1 -->
