<?xml version="1.0" encoding="UTF-8"?>
<!-- Generated by org.testng.reporters.JUnitReportReporter -->
<testsuite skipped="0" hostname="DESKTOP-4Q6K2RT" name="SelectCLASS" tests="3" failures="0" timestamp="09 Feb 2019 04:52:21 GMT" time="24.007" errors="0">
  <testcase name="Setup" time="13.103" classname="SelectCLASS"/>
  <testcase name="verfy" time="0.185" classname="SelectCLASS"/>
  <testcase name="Dropdown" time="10.719" classname="SelectCLASS"/>
</testsuite> <!-- SelectCLASS -->
