<?xml version="1.0" encoding="UTF-8"?>
<!-- Generated by org.testng.reporters.JUnitReportReporter -->
<testsuite skipped="0" hostname="DESKTOP-4Q6K2RT" name="Aleart" tests="1" failures="0" timestamp="22 May 2018 04:54:59 GMT" time="12.596" errors="0">
  <testcase name="verfy" time="12.596" classname="Aleart"/>
</testsuite> <!-- Aleart -->
