<?xml version="1.0" encoding="UTF-8"?>
<!-- Generated by org.testng.reporters.JUnitReportReporter -->
<testsuite skipped="0" hostname="DESKTOP-4Q6K2RT" name="Hemanth_Gmail" tests="3" failures="0" timestamp="11 Aug 2019 08:07:44 GMT" time="63.609" errors="0">
  <testcase name="Test1" time="22.404" classname="Hemanth_Gmail"/>
  <testcase name="Test1" time="33.178" classname="Hemanth_Gmail"/>
  <testcase name="Test1" time="8.027" classname="Hemanth_Gmail"/>
</testsuite> <!-- Hemanth_Gmail -->
