<?xml version="1.0" encoding="UTF-8"?>
<!-- Generated by org.testng.reporters.JUnitReportReporter -->
<testsuite skipped="0" hostname="DESKTOP-4Q6K2RT" name="HowToRunFailedTestcase" tests="1" failures="0" timestamp="20 May 2018 21:59:06 GMT" time="0.018" errors="0">
  <testcase name="RunningFailedTestCase" time="0.018" classname="HowToRunFailedTestcase"/>
</testsuite> <!-- HowToRunFailedTestcase -->
