<?xml version="1.0" encoding="UTF-8"?>
<!-- Generated by org.testng.reporters.JUnitReportReporter -->
<testsuite skipped="0" hostname="DESKTOP-4Q6K2RT" name="SameMethod" tests="2" failures="0" timestamp="12 Aug 2018 06:23:42 GMT" time="0.020" errors="0">
  <testcase name="m1" time="0.016" classname="SameMethod"/>
  <testcase name="m2" time="0.004" classname="SameMethod"/>
</testsuite> <!-- SameMethod -->
