<?xml version="1.0" encoding="UTF-8"?>
<!-- Generated by org.testng.reporters.JUnitReportReporter -->
<testsuite skipped="0" hostname="DESKTOP-4Q6K2RT" name="DataDrivenFramework" tests="3" failures="0" timestamp="02 Jul 2018 07:26:37 GMT" time="64.205" errors="0">
  <testcase name="Login" time="21.013" classname="DataDrivenFramework"/>
  <testcase name="Login" time="22.157" classname="DataDrivenFramework"/>
  <testcase name="Login" time="21.035" classname="DataDrivenFramework"/>
</testsuite> <!-- DataDrivenFramework -->
