<?xml version="1.0" encoding="UTF-8"?>
<!-- Generated by org.testng.reporters.JUnitReportReporter -->
<testsuite skipped="0" hostname="DESKTOP-4Q6K2RT" name="HowworkWithSingleselectDropdown" tests="2" failures="0" timestamp="01 Jul 2018 12:10:43 GMT" time="14.961" errors="0">
  <testcase name="Setup" time="13.289" classname="HowworkWithSingleselectDropdown"/>
  <testcase name="Dropdown" time="1.672" classname="HowworkWithSingleselectDropdown"/>
</testsuite> <!-- HowworkWithSingleselectDropdown -->
