<?xml version="1.0" encoding="UTF-8"?>
<!-- Generated by org.testng.reporters.JUnitReportReporter -->
<testsuite skipped="0" hostname="DESKTOP-4Q6K2RT" name="Hemanth_Test" tests="1" failures="0" timestamp="12 Nov 2018 18:06:06 GMT" time="17.381" errors="0">
  <testcase name="m1" time="17.381" classname="Hemanth_Test"/>
</testsuite> <!-- Hemanth_Test -->
