<?xml version="1.0" encoding="UTF-8"?>
<!-- Generated by org.testng.reporters.JUnitReportReporter -->
<testsuite skipped="0" hostname="DESKTOP-4Q6K2RT" name="Scrolledown" tests="2" failures="0" timestamp="11 Jun 2018 15:46:49 GMT" time="30.148" errors="0">
  <testcase name="scrolldown" time="25.088" classname="Scrolledown"/>
  <testcase name="scrollup" time="5.060" classname="Scrolledown"/>
</testsuite> <!-- Scrolledown -->
