<?xml version="1.0" encoding="UTF-8"?>
<!-- Generated by org.testng.reporters.JUnitReportReporter -->
<testsuite skipped="0" hostname="DESKTOP-4Q6K2RT" name="Testcase1" tests="1" failures="0" timestamp="12 Dec 2018 18:13:27 GMT" time="52.751" errors="0">
  <testcase name="Testcase1" time="52.751" classname="Testcase1"/>
</testsuite> <!-- Testcase1 -->
