<?xml version="1.0" encoding="UTF-8"?>
<!-- Generated by org.testng.reporters.JUnitReportReporter -->
<testsuite skipped="0" hostname="DESKTOP-4Q6K2RT" name="SearchingProduct" tests="1" failures="0" timestamp="15 Jun 2018 21:30:15 GMT" time="42.467" errors="0">
  <testcase name="Setup" time="42.467" classname="SearchingProduct"/>
</testsuite> <!-- SearchingProduct -->
