<?xml version="1.0" encoding="UTF-8"?>
<!-- Generated by org.testng.reporters.JUnitReportReporter -->
<testsuite skipped="0" hostname="DESKTOP-4Q6K2RT" name="Test1" tests="1" failures="0" timestamp="15 Jun 2018 21:30:15 GMT" time="15.408" errors="0">
  <testcase name="XXX" time="15.408" classname="Test1"/>
</testsuite> <!-- Test1 -->
