<?xml version="1.0" encoding="UTF-8"?>
<!-- Generated by org.testng.reporters.JUnitReportReporter -->
<testsuite skipped="0" hostname="DESKTOP-4Q6K2RT" name="JavaScriptExeguter" tests="1" failures="0" timestamp="15 Jun 2018 21:30:15 GMT" time="13.752" errors="0">
  <testcase name="setup" time="13.752" classname="JavaScriptExeguter"/>
</testsuite> <!-- JavaScriptExeguter -->
