<?xml version="1.0" encoding="UTF-8"?>
<!-- Generated by org.testng.reporters.JUnitReportReporter -->
<testsuite skipped="0" hostname="DESKTOP-4Q6K2RT" name="Testcase4" tests="2" failures="0" timestamp="26 Jun 2018 06:38:07 GMT" time="20.677" errors="0">
  <testcase name="Setup" time="20.370" classname="Testcase4"/>
  <testcase name="Selectingdata" time="0.307" classname="Testcase4"/>
</testsuite> <!-- Testcase4 -->
