<?xml version="1.0" encoding="UTF-8"?>
<!-- Generated by org.testng.reporters.JUnitReportReporter -->
<testsuite skipped="0" hostname="DESKTOP-4Q6K2RT" name="SelectingProduct" tests="2" failures="0" timestamp="25 Jun 2018 04:47:03 GMT" time="116.534" errors="0">
  <testcase name="Setup" time="99.451" classname="SelectingProduct"/>
  <testcase name="SelectingProduct" time="17.083" classname="SelectingProduct"/>
</testsuite> <!-- SelectingProduct -->
