<?xml version="1.0" encoding="UTF-8"?>
<!-- Generated by org.testng.reporters.JUnitReportReporter -->
<testsuite skipped="0" hostname="DESKTOP-4Q6K2RT" name="Java.Hello" tests="1" failures="0" timestamp="26 Jun 2018 16:19:21 GMT" time="16.919" errors="0">
  <testcase name="setup" time="16.919" classname="Java.Hello"/>
</testsuite> <!-- Java.Hello -->
