<?xml version="1.0" encoding="UTF-8"?>
<!-- Generated by org.testng.reporters.JUnitReportReporter -->
<testsuite skipped="0" hostname="DESKTOP-4Q6K2RT" name="PageTitle" tests="1" failures="0" timestamp="26 Jun 2018 06:37:32 GMT" time="15.663" errors="0">
  <testcase name="verfy" time="15.663" classname="PageTitle"/>
</testsuite> <!-- PageTitle -->
