<?xml version="1.0" encoding="UTF-8"?>
<!-- Generated by org.testng.reporters.JUnitReportReporter -->
<testsuite skipped="0" hostname="DESKTOP-4Q6K2RT" name="Utils.Testbase" tests="1" failures="0" timestamp="19 May 2018 02:43:35 GMT" time="0.019" errors="0">
  <testcase name="ReadData" time="0.019" classname="Utils.Testbase"/>
</testsuite> <!-- Utils.Testbase -->
