<?xml version="1.0" encoding="UTF-8"?>
<!-- Generated by org.testng.reporters.JUnitReportReporter -->
<testsuite skipped="0" hostname="DESKTOP-4Q6K2RT" name="cg_Selenium.Login_Testcase_1" tests="4" failures="0" timestamp="27 Mar 2019 16:11:35 GMT" time="10.252" errors="0">
  <testcase name="creadincal" time="0.003" classname="cg_Selenium.Login_Testcase_1"/>
  <testcase name="creadincal" time="0.112" classname="cg_Selenium.Login_Testcase_1"/>
  <testcase name="creadincal" time="0.004" classname="cg_Selenium.Login_Testcase_1"/>
  <testcase name="login" time="10.133" classname="cg_Selenium.Login_Testcase_1"/>
</testsuite> <!-- cg_Selenium.Login_Testcase_1 -->
