<?xml version="1.0" encoding="UTF-8"?>
<!-- Generated by org.testng.reporters.JUnitReportReporter -->
<testsuite skipped="0" hostname="DESKTOP-4Q6K2RT" name="cg_Selenium.Change_password" tests="2" failures="0" timestamp="02 Jan 2019 18:28:42 GMT" time="38.301" errors="0">
  <testcase name="login" time="20.400" classname="cg_Selenium.Change_password"/>
  <testcase name="change_pass" time="17.901" classname="cg_Selenium.Change_password"/>
</testsuite> <!-- cg_Selenium.Change_password -->
