<?xml version="1.0" encoding="UTF-8"?>
<!-- Generated by org.testng.reporters.JUnitReportReporter -->
<testsuite skipped="0" hostname="DESKTOP-4Q6K2RT" name="cg_Selenium.Logout_Testcase2" tests="2" failures="0" timestamp="29 Dec 2018 06:40:51 GMT" time="45.957" errors="0">
  <testcase name="login" time="42.746" classname="cg_Selenium.Logout_Testcase2"/>
  <testcase name="logout" time="3.211" classname="cg_Selenium.Logout_Testcase2"/>
</testsuite> <!-- cg_Selenium.Logout_Testcase2 -->
