<?xml version="1.0" encoding="UTF-8"?>
<!-- Generated by org.testng.reporters.JUnitReportReporter -->
<testsuite skipped="0" hostname="DESKTOP-4Q6K2RT" name="Testcase.Testcase2" tests="1" failures="0" timestamp="17 Dec 2018 17:56:04 GMT" time="24.102" errors="0">
  <testcase name="m1" time="24.102" classname="Testcase.Testcase2"/>
</testsuite> <!-- Testcase.Testcase2 -->
